Log file open, 04/17/15 19:28:14
LogInit:Display: Running engine for game: SplinePathMap
LogInit: Version: 4.7.5-2503383+++depot+UE4-Releases+4.7
LogInit: API Version: 2455222
LogInit: Compiled (64-bit): Apr  6 2015 23:21:51
LogInit: Compiled with Visual C++: 18.00.21005.01
LogInit: Build Configuration: Development
LogInit: Branch Name: ++depot+UE4-Releases+4.7
LogInit: Command line: 
LogInit: Base directory: C:/Program Files/Epic Games/4.7/Engine/Binaries/Win64/
LogInit: Rocket: 1
[2015.04.17-23.28.14:273][  0]LogTaskGraph: Started task graph with 3 named threads and 6 total threads.
[2015.04.17-23.28.14:361][  0]LogOnline:Warning: No default platform service specified for OnlineSubsystem
[2015.04.17-23.28.14:390][  0]LogInit: Presizing for 0 objects not considered by GC, pre-allocating 0 bytes.
[2015.04.17-23.28.14:404][  0]LogInit: Object subsystem initialized
[2015.04.17-23.28.14:408][  0]LogInit: Selected Device Profile: [Windows]
[2015.04.17-23.28.14:408][  0]LogInit: Applying CVar settings loaded from the selected device profile: [Windows]
[2015.04.17-23.28.14:413][  0]LogInit: Computer: PCREX
[2015.04.17-23.28.14:413][  0]LogInit: User: Rexy
[2015.04.17-23.28.14:413][  0]LogInit: CPU Page size=4096, Cores=4
[2015.04.17-23.28.14:413][  0]LogInit: High frequency timer resolution =3.507520 MHz
[2015.04.17-23.28.14:413][  0]LogMemory: Memory total: Physical=16.0GB (16GB approx) Virtual=131072.0GB
[2015.04.17-23.28.14:413][  0]LogMemory: Platform Memory Stats for Windows
[2015.04.17-23.28.14:413][  0]LogMemory: Process Physical Memory: 45.55 MB used, 45.55 MB peak
[2015.04.17-23.28.14:413][  0]LogMemory: Process Virtual Memory: 24.65 MB used, 24.65 MB peak
[2015.04.17-23.28.14:413][  0]LogMemory: Physical Memory: 4563.25 MB used, 16335.21 MB total
[2015.04.17-23.28.14:413][  0]LogMemory: Virtual Memory: 289.22 MB used, 134217728.00 MB total
[2015.04.17-23.28.14:429][  0]LogD3D11RHI: Found D3D11 adapter 0: NVIDIA GeForce GTX 745 (Feature Level 11_0)
[2015.04.17-23.28.14:429][  0]LogD3D11RHI: Adapter has 3984MB of dedicated video memory, 0MB of dedicated system memory, and 8167MB of shared system memory, 2 output[s]
[2015.04.17-23.28.14:430][  0]LogD3D11RHI: Found D3D11 adapter 1: Microsoft Basic Render Driver (Feature Level 11_0)
[2015.04.17-23.28.14:430][  0]LogD3D11RHI: Adapter has 0MB of dedicated video memory, 0MB of dedicated system memory, and 256MB of shared system memory, 0 output[s]
[2015.04.17-23.28.14:430][  0]LogD3D11RHI: Chosen D3D11 Adapter Id = 0
[2015.04.17-23.28.14:433][  0]LogRHI: Texture pool is 1361 MB (70% of 1945 MB)
[2015.04.17-23.28.14:440][  0]LogD3D11RHI: Async texture creation enabled
[2015.04.17-23.28.14:521][  0]LogTextLocalizationManager: The requested culture ('en_US') has no localization data; parent culture's ('en') localization data will be used.
[2015.04.17-23.28.14:572][  0]LogTextLocalizationManager:Warning: Loading localization resources contain conflicting entries for (Namespace:UICommands, Key:Save_ToolTip):
Resource: (C:/Program Files/Epic Games/4.7/Engine/Content/Localization/Editor/en/Editor.locres) Hash: (-29098895) String: (Saves the current level to disk)
Resource: (C:/Program Files/Epic Games/4.7/Engine/Content/Localization/Engine/en/Engine.locres) Hash: (-1280300587) String: (Save selected data to vlog file)
[2015.04.17-23.28.14:572][  0]LogTextLocalizationManager:Warning: Loading localization resources contain conflicting entries for (Namespace:ContentBrowser, Key:ImportAssetToolTip):
Resource: (C:/Program Files/Epic Games/4.7/Engine/Content/Localization/Editor/en/Editor.locres) Hash: (-630476809) String: (Import to {0}...)
Resource: (C:/Program Files/Epic Games/4.7/Engine/Content/Localization/Editor/en/Editor.locres) Hash: (1271782899) String: (Imports an asset from file to this folder.)
[2015.04.17-23.28.14:635][  0]LogContentStreaming: Texture pool size is 0.000000MB
[2015.04.17-23.28.16:487][  0]LogTargetPlatformManager:Display: Building Assets For Windows
[2015.04.17-23.28.16:905][  0]LogTargetPlatformManager:Display: Building Assets For Windows
[2015.04.17-23.28.16:957][  0]LogDerivedDataCache:Display: Max Cache Size: 512 MB
[2015.04.17-23.28.16:989][  0]LogDerivedDataCache: Loaded boot cache 0.03s 39MB C:/Users/Rexy/AppData/Local/UnrealEngine/4.7/DerivedDataCache/Boot.ddc.
[2015.04.17-23.28.16:989][  0]LogDerivedDataCache:Display: Loaded Boot cache: C:/Users/Rexy/AppData/Local/UnrealEngine/4.7/DerivedDataCache/Boot.ddc
[2015.04.17-23.28.16:989][  0]LogDerivedDataCache: FDerivedDataBackendGraph:  Pak pak cache file ../../../../../../Users/Rexy/Documents/Unreal ProjectsPath/SplinePathMap/DerivedDataCache/DDC.ddp not found, will not use a pak cache.
[2015.04.17-23.28.16:989][  0]LogDerivedDataCache: Unable to find inner node Pak for hierarchical cache Hierarchy.
[2015.04.17-23.28.17:084][  0]LogDerivedDataCache:Display: Pak cache opened for reading ../../../Engine/DerivedDataCache/Compressed.ddp.
[2015.04.17-23.28.17:096][  0]LogDerivedDataCache: Using Local data cache path C:/Users/Rexy/AppData/Local/UnrealEngine/Common/DerivedDataCache: Writable
[2015.04.17-23.28.17:327][  0]LogMeshUtilities: No automatic mesh reduction module available
[2015.04.17-23.28.17:327][  0]LogMeshUtilities: No automatic mesh merging module available
[2015.04.17-23.28.17:649][  0]LogInit: WinSock: version 1.1 (2.2), MaxSocks=32767, MaxUdp=65467
[2015.04.17-23.28.17:710][  0]LogSlate:Warning: Failed to load font data from '../../../Engine/Content/Slate/Fonts/Roboto-Italic.ttf'
[2015.04.17-23.28.18:457][  0]UdpMessaging: Initializing bridge on interface 0.0.0.0:0 to multicast group 230.0.0.1:6666.
[2015.04.17-23.28.18:636][  0]SourceControl: Info Source control is disabled
[2015.04.17-23.28.18:636][  0]SourceControl: Info Source control is disabled
[2015.04.17-23.28.18:636][  0]SourceControl: Info Source control is disabled
[2015.04.17-23.28.18:636][  0]LogSourceControl: RunCommandInternalRaw: 'git version'
[2015.04.17-23.28.18:637][  0]LogSourceControl: RunCommandInternalRaw: ExecProcess ReturnCode=2 OutResults=''
[2015.04.17-23.28.18:646][  0]SourceControl: Info Source control is disabled
[2015.04.17-23.28.18:798][  0]LogObj: 24232 objects as part of root set at end of initial load.
[2015.04.17-23.28.18:798][  0]LogUObjectAllocator: 5137168 out of 0 bytes used by permanent object pool.
[2015.04.17-23.28.18:868][  0]LogEngine: Initializing Engine...
[2015.04.17-23.28.20:994][  0]LogInit: XAudio2 using 'Speakers (Realtek High Definition Audio)' : 2 channels at 48 kHz using 32 bits per sample (channel mask 0x3)
[2015.04.17-23.28.21:000][  0]LogInit: FAudioDevice initialized.
[2015.04.17-23.28.21:028][  0]LogAIModule: Creating AISystem for world NewWorld
[2015.04.17-23.28.21:044][  0]LogDerivedDataCache: Saved boot cache 0.02s 39MB C:/Users/Rexy/AppData/Local/UnrealEngine/4.7/DerivedDataCache/Boot.ddc.
[2015.04.17-23.28.21:048][  0]LogInit: Texture streaming: Enabled
[2015.04.17-23.28.21:120][  0]LogAnalytics: Creating configured Analytics provider AnalyticsET
[2015.04.17-23.28.21:120][  0]LogAnalytics: ET APIKey = Rocket.Release. APIServer = http://et2.epicgames.com/ET2/. AppVersion = 4.7.5-2503383+++depot+UE4-Releases+4.7
[2015.04.17-23.28.21:120][  0]LogAnalytics: ET APIKey = Rocket.Release. DataRouterUploadURL = https://datarouter-public-service-gamedev.ol.epicgames.net/datarouter/api/v1/public/data. AppVersion = 4.7.5-2503383+++depot+UE4-Releases+4.7
[2015.04.17-23.28.21:120][  0]LogAnalytics: SetUserId ecbe1da443d7a96c05fc2cb20a320313|2a4007ac6bc54bca95a9bf2a8d6d3419|fdf059be-0580-4284-9bba-4cc260a8df7f
[2015.04.17-23.28.21:120][  0]LogAnalytics: AnalyticsET::StartSession [Rocket.Release]
[2015.04.17-23.28.21:142][  0]LogInit: Transaction tracking system initialized
[2015.04.17-23.28.21:287][  0]BlueprintLog: New page: Editor Load
[2015.04.17-23.28.21:320][  0]LogAssetRegistry: FAssetRegistry took 0.0107 seconds to start up
[2015.04.17-23.28.21:320][  0]LogDirectoryWatcher:Warning: Failed to begin reading directory changes for ../../../Engine/Plugins/Experimental/CharacterAI/Content/. Error: 0
[2015.04.17-23.28.21:779][  0]LogTargetPlatformManager:Display: Building Assets For Windows
[2015.04.17-23.28.22:081][  0]LogTargetPlatformManager:Display: Building Assets For Windows
[2015.04.17-23.28.25:519][  0]LogSlate:Warning: Failed to load font data from '../../../Engine/Content/Editor/Slate/Fonts/Roboto-Regular.ttf'
[2015.04.17-23.28.25:519][  0]LogSlate:Warning: Failed to load font data from '../../../Engine/Content/Editor/Slate/Fonts/Roboto-Bold.ttf'
[2015.04.17-23.28.25:528][  0]LogConsoleResponse:Display: 
[2015.04.17-23.28.25:631][  0]LogCook:Display: Done creating registry. It took  0.00s.
[2015.04.17-23.28.25:761][  0]SourceControl: Info Source control is disabled
[2015.04.17-23.28.25:761][  0]Cmd: MAP LOAD FILE="../../../Engine/Content/Maps/Templates/Template_Default.umap" TEMPLATE=1 SHOWPROGRESS=1 FEATURELEVEL=3
[2015.04.17-23.28.25:761][  0]LightingResults: New page: Lighting Build
[2015.04.17-23.28.25:773][  0]MapCheck: New page: Map Check
[2015.04.17-23.28.25:773][  0]LightingResults: New page: Lighting Build
[2015.04.17-23.28.25:780][  0]LogParticles: Destroying 0 GPU particle simulations for FXSystem 0x000000E9E8D7C680
[2015.04.17-23.28.26:305][  0]LogEditorServer: Finished looking for orphan Actors (0.000 secs)
[2015.04.17-23.28.26:310][  0]LogAIModule: Creating AISystem for world Untitled_1
[2015.04.17-23.28.26:311][  0]Cmd: MAP CHECKDEP
[2015.04.17-23.28.26:312][  0]MapCheck: New page: Untitled_1 - Apr 17, 2015, 3:28:26 PM
[2015.04.17-23.28.26:372][  0]MapCheck: Info Map check complete: 0 Error(s), 0 Warning(s), took 60.911ms to complete.
[2015.04.17-23.28.26:372][  0]LogFileHelpers: Loading map 'Template_Default' took 0.612
[2015.04.17-23.28.26:485][  0]LogCollectionManager: Loaded 0 collections in 0.001281 seconds
[2015.04.17-23.28.26:493][  0]LogContentBrowser: Native class hierarchy populated in 0.0075 seconds. Added 1696 classes and 261 folders.
[2015.04.17-23.28.26:516][  0]LogContentBrowser: Native class hierarchy updated for 'SceneOutliner' in 0.0015 seconds. Added 1 classes and 2 folders.
[2015.04.17-23.28.26:552][  0]LogCrashTracker: Crashtracker disabled due to settings.
[2015.04.17-23.28.26:553][  0]LogSlate:Warning: Failed to load font data from 'Veranda'
[2015.04.17-23.28.26:558][  0]LogUObjectGlobals:Warning: Failed to find object 'Class None.'
[2015.04.17-23.28.26:583][  0]LogLoad: Full Startup: 13.92 seconds (BP compile: 0.06 seconds)
[2015.04.17-23.28.26:749][  0]LogRenderer:Warning: Reallocating scene render targets to support 1208x576 (Frame:2).
[2015.04.17-23.28.27:105][  3]LogAssetRegistry: Asset discovery search completed in 5.7965 seconds
[2015.04.17-23.29.36:702][303]LogContentBrowser:Verbose: The content browser source was changed by the sources view to '/Game/SplineFollow'
[2015.04.17-23.29.38:628][398]LogBlueprint:Warning: [compiler] Warning InputAction Event references unknown Action 'ResetVR' for  InputAction ResetVR 
[2015.04.17-23.29.38:629][398]LogBlueprint:Warning: [compiler] Warning Get Input Axis references unknown Axis 'LookUp' for  Get LookUp 
[2015.04.17-23.29.38:629][398]LogBlueprint:Warning: [compiler] Warning Get Input Axis references unknown Axis 'LookRight' for  Get LookRight 
[2015.04.17-23.29.38:629][398]LogBlueprint:Warning: [compiler] Warning InputAction Event references unknown Action 'SwitchCamera' for  InputAction SwitchCamera 
[2015.04.17-23.29.38:629][398]LogBlueprint:Warning: [compiler] Warning InputAction Event references unknown Action 'Handbrake' for  InputAction Handbrake 
[2015.04.17-23.29.38:629][398]LogBlueprint:Warning: [compiler] Warning Input Axis Event references unknown Axis 'MoveRight' for  InputAxis MoveRight 
[2015.04.17-23.29.38:631][398]LogBlueprint:Warning: [compiler] Warning Input Axis Event references unknown Axis 'MoveForward' for  InputAxis MoveForward 
[2015.04.17-23.29.38:640][398]LogBlueprint:Warning: [compiler] Warning [0085.97] Compile of Sedan successful, but with 7 Warning(s) [in 42 ms]
[2015.04.17-23.29.38:640][398]LogBlueprint:Warning: [compiler] Warning [0085.97] Compile of Sedan successful, but with 8 Warning(s) [in 0 ms]
[2015.04.17-23.29.38:640][398]LogBlueprint:Warning: [compiler] Warning [0085.97] Compile of Sedan successful, but with 9 Warning(s) [in 0 ms]
[2015.04.17-23.29.38:640][398]LogBlueprint:Warning: [compiler] Warning [0085.97] Compile of Sedan successful, but with 10 Warning(s) [in 0 ms]
[2015.04.17-23.29.39:144][398]LogBlueprint:Warning: [compiler] Warning InputAction Event references unknown Action 'ResetVR' for  InputAction ResetVR 
[2015.04.17-23.29.39:145][398]LogBlueprint:Warning: [compiler] Warning Get Input Axis references unknown Axis 'LookUp' for  Get LookUp 
[2015.04.17-23.29.39:145][398]LogBlueprint:Warning: [compiler] Warning Get Input Axis references unknown Axis 'LookRight' for  Get LookRight 
[2015.04.17-23.29.39:145][398]LogBlueprint:Warning: [compiler] Warning InputAction Event references unknown Action 'SwitchCamera' for  InputAction SwitchCamera 
[2015.04.17-23.29.39:145][398]LogBlueprint:Warning: [compiler] Warning InputAction Event references unknown Action 'Handbrake' for  InputAction Handbrake 
[2015.04.17-23.29.39:145][398]LogBlueprint:Warning: [compiler] Warning Input Axis Event references unknown Axis 'MoveRight' for  InputAxis MoveRight 
[2015.04.17-23.29.39:147][398]LogBlueprint:Warning: [compiler] Warning Input Axis Event references unknown Axis 'MoveForward' for  InputAxis MoveForward 
[2015.04.17-23.29.39:156][398]LogBlueprint:Warning: [compiler] Warning [0086.49] Compile of Sedan successful, but with 7 Warning(s) [in 39 ms]
[2015.04.17-23.29.39:156][398]LogBlueprint:Warning: [compiler] Warning [0086.49] Compile of Sedan successful, but with 8 Warning(s) [in 0 ms]
[2015.04.17-23.29.40:397][398]Cmd: MAP LOAD FILE="../../../../../../Users/Rexy/Documents/Unreal ProjectsPath/SplinePathMap/Content/SplineFollow/Showcase.umap" TEMPLATE=0 SHOWPROGRESS=1 FEATURELEVEL=3
[2015.04.17-23.29.40:397][398]LightingResults: New page: Lighting Build
[2015.04.17-23.29.40:416][398]LoadErrors: New page: Loading map: Showcase.umap
[2015.04.17-23.29.40:416][398]MapCheck: New page: Map Check
[2015.04.17-23.29.40:416][398]LightingResults: New page: Lighting Build
[2015.04.17-23.29.40:424][398]LogParticles: Destroying 0 GPU particle simulations for FXSystem 0x000000E9E33B5B20
[2015.04.17-23.29.40:625][398]LogEditorServer: Finished looking for orphan Actors (0.000 secs)
[2015.04.17-23.29.40:767][398]LogAIModule: Creating AISystem for world Showcase
[2015.04.17-23.29.40:779][398]Cmd: MAP CHECKDEP
[2015.04.17-23.29.40:779][398]MapCheck: New page: Showcase - Apr 17, 2015, 3:29:40 PM
[2015.04.17-23.29.40:847][398]MapCheck: Info Map check complete: 0 Error(s), 0 Warning(s), took 68.047ms to complete.
[2015.04.17-23.29.40:848][398]LogFileHelpers: Loading map 'Showcase' took 0.452
[2015.04.17-23.29.40:928][399]Cmd: UpdateLandscapeEditorData -warnings
[2015.04.17-23.29.40:930][399]Cmd: UpdateLandscapeEditorData
[2015.04.17-23.29.42:428][449]LogPlayLevel: PIE:  No blueprints needed recompiling
[2015.04.17-23.29.42:428][449]PIE: New page: PIE session: Showcase (Apr 17, 2015, 3:29:42 PM)
[2015.04.17-23.29.42:480][449]LogPlayLevel: PIE: StaticDuplicateObject took: (0.051183s)
[2015.04.17-23.29.42:480][449]LogPlayLevel: PIE: World Init took: (0.000398s)
[2015.04.17-23.29.42:480][449]LogPlayLevel: PIE: Created PIE world by copying editor world from /Game/SplineFollow/Showcase.Showcase to /Game/SplineFollow/UEDPIE_0_Showcase.Showcase (0.051719s)
[2015.04.17-23.29.42:533][449]LogWorld: Game class is 'SplineGameMode_C'
[2015.04.17-23.29.42:538][449]LogAIModule: Creating AISystem for world Showcase
[2015.04.17-23.29.42:683][449]LogWorld: Bringing World /Game/SplineFollow/UEDPIE_0_Showcase.Showcase up for play (max tick rate 0) at 2015.04.17-19.29.42
[2015.04.17-23.29.42:686][449]LogWorld: Bringing up level for play took: 0.147861
[2015.04.17-23.29.42:689][449]PIE: Info Play in editor start time for /Game/SplineFollow/UEDPIE_0_Showcase 0.193
[2015.04.17-23.29.45:011][572]LogBlueprintUserMessages: updating1
[2015.04.17-23.29.45:600][605]LogBlueprintUserMessages: updating2
[2015.04.17-23.29.46:153][636]LogBlueprintUserMessages: updating1
[2015.04.17-23.29.46:668][663]LogActorComponent: UnregisterComponent: (/Engine/Transient.MovementComp) Not registered. Aborting.
[2015.04.17-23.29.46:682][663]LogParticles: Destroying 0 GPU particle simulations for FXSystem 0x000000E9EFE6EFC0
[2015.04.17-23.29.48:173][716]LogContentBrowser:Verbose: The content browser source was changed by the sources view to '/Game/StarterContent'
[2015.04.17-23.29.48:995][764]LogContentBrowser:Verbose: The content browser source was changed by the sources view to '/Game/SplineFollow'
[2015.04.17-23.29.50:534][814]LogContentBrowser:Verbose: The content browser source was changed by the sources view to '/Game/SplineFollow/SedanBlueprint'
[2015.04.17-23.29.52:491][918]LogContentBrowser:Verbose: The content browser source was changed by the sources view to '/Game/VehicleAdvBP'
[2015.04.17-23.29.53:274][964]LogContentBrowser:Verbose: The content browser source was changed by the sources view to '/Game/StarterContent'
[2015.04.17-23.29.56:279][122]LogContentBrowser:Verbose: The content browser source was changed by the sources view to '/Game/SplineFollow/SedanBlueprint'
[2015.04.17-23.29.57:146][172]LogContentBrowser:Verbose: The content browser source was changed by the sources view to '/Game/SplineFollow'
[2015.04.17-23.29.58:250][206]LogContentBrowser:Verbose: The content browser source was changed by the sources view to '/Game/StarterContent'
[2015.04.17-23.29.58:937][247]LogContentBrowser:Verbose: The content browser source was changed by the sources view to '/Game/SplineFollow/SedanBlueprint'
[2015.04.17-23.30.21:972][526]LogContentBrowser:Verbose: The content browser source was changed by the sources view to '/Game/SedanBlueprint'
[2015.04.17-23.30.24:322][616]LogBlueprint:Warning: [compiler] Warning InputAction Event references unknown Action 'ResetVR' for  InputAction ResetVR 
[2015.04.17-23.30.24:322][616]LogBlueprint:Warning: [compiler] Warning Get Input Axis references unknown Axis 'LookUp' for  Get LookUp 
[2015.04.17-23.30.24:322][616]LogBlueprint:Warning: [compiler] Warning Get Input Axis references unknown Axis 'LookRight' for  Get LookRight 
[2015.04.17-23.30.24:324][616]LogBlueprint:Warning: [compiler] Warning InputAction Event references unknown Action 'SwitchCamera' for  InputAction SwitchCamera 
[2015.04.17-23.30.24:324][616]LogBlueprint:Warning: [compiler] Warning Input Axis Event references unknown Axis 'MoveRight' for  InputAxis MoveRight 
[2015.04.17-23.30.24:325][616]LogBlueprint:Warning: [compiler] Warning Input Axis Event references unknown Axis 'MoveForward' for  InputAxis MoveForward 
[2015.04.17-23.30.24:327][616]LogBlueprint:Warning: [compiler] Warning InputAction Event references unknown Action 'Handbrake' for  InputAction Handbrake 
[2015.04.17-23.30.24:337][616]LogBlueprint:Warning: [compiler] Warning [0131.67] Compile of VehicleBlueprint successful, but with 7 Warning(s) [in 45 ms]
[2015.04.17-23.30.24:337][616]LogBlueprint:Warning: [compiler] Warning [0131.67] Compile of VehicleBlueprint successful, but with 8 Warning(s) [in 0 ms]
[2015.04.17-23.30.24:338][616]LogBlueprint:Warning: [compiler] Warning [0131.67] Compile of VehicleBlueprint successful, but with 9 Warning(s) [in 0 ms]
[2015.04.17-23.30.24:338][616]LogBlueprint:Warning: [compiler] Warning [0131.67] Compile of VehicleBlueprint successful, but with 10 Warning(s) [in 0 ms]
[2015.04.17-23.30.24:821][616]LogBlueprint:Warning: [compiler] Warning InputAction Event references unknown Action 'ResetVR' for  InputAction ResetVR 
[2015.04.17-23.30.24:821][616]LogBlueprint:Warning: [compiler] Warning Get Input Axis references unknown Axis 'LookUp' for  Get LookUp 
[2015.04.17-23.30.24:821][616]LogBlueprint:Warning: [compiler] Warning Get Input Axis references unknown Axis 'LookRight' for  Get LookRight 
[2015.04.17-23.30.24:823][616]LogBlueprint:Warning: [compiler] Warning InputAction Event references unknown Action 'SwitchCamera' for  InputAction SwitchCamera 
[2015.04.17-23.30.24:823][616]LogBlueprint:Warning: [compiler] Warning Input Axis Event references unknown Axis 'MoveRight' for  InputAxis MoveRight 
[2015.04.17-23.30.24:824][616]LogBlueprint:Warning: [compiler] Warning Input Axis Event references unknown Axis 'MoveForward' for  InputAxis MoveForward 
[2015.04.17-23.30.24:826][616]LogBlueprint:Warning: [compiler] Warning InputAction Event references unknown Action 'Handbrake' for  InputAction Handbrake 
[2015.04.17-23.30.24:851][616]LogBlueprint:Warning: [compiler] Warning [0132.18] Compile of TestVehicle successful, but with 7 Warning(s) [in 90 ms]
[2015.04.17-23.30.24:852][616]LogBlueprint:Warning: [compiler] Warning [0132.18] Compile of TestVehicle successful, but with 8 Warning(s) [in 0 ms]
[2015.04.17-23.30.24:852][616]LogBlueprint:Warning: [compiler] Warning [0132.18] Compile of TestVehicle successful, but with 9 Warning(s) [in 0 ms]
[2015.04.17-23.30.24:852][616]LogBlueprint:Warning: [compiler] Warning [0132.18] Compile of TestVehicle successful, but with 10 Warning(s) [in 0 ms]
[2015.04.17-23.30.25:472][616]LogBlueprint:Warning: [compiler] Warning InputAction Event references unknown Action 'ResetVR' for  InputAction ResetVR 
[2015.04.17-23.30.25:472][616]LogBlueprint:Warning: [compiler] Warning Get Input Axis references unknown Axis 'LookUp' for  Get LookUp 
[2015.04.17-23.30.25:472][616]LogBlueprint:Warning: [compiler] Warning Get Input Axis references unknown Axis 'LookRight' for  Get LookRight 
[2015.04.17-23.30.25:472][616]LogBlueprint:Warning: [compiler] Warning InputAction Event references unknown Action 'SwitchCamera' for  InputAction SwitchCamera 
[2015.04.17-23.30.25:472][616]LogBlueprint:Warning: [compiler] Warning InputAction Event references unknown Action 'Handbrake' for  InputAction Handbrake 
[2015.04.17-23.30.25:472][616]LogBlueprint:Warning: [compiler] Warning Input Axis Event references unknown Axis 'MoveRight' for  InputAxis MoveRight 
[2015.04.17-23.30.25:474][616]LogBlueprint:Warning: [compiler] Warning Input Axis Event references unknown Axis 'MoveForward' for  InputAxis MoveForward 
[2015.04.17-23.30.25:503][616]LogBlueprint:Warning: [compiler] Warning [0132.83] Compile of TestSedan successful, but with 7 Warning(s) [in 94 ms]
[2015.04.17-23.30.25:503][616]LogBlueprint:Warning: [compiler] Warning [0132.83] Compile of TestSedan successful, but with 8 Warning(s) [in 0 ms]
[2015.04.17-23.30.25:503][616]LogBlueprint:Warning: [compiler] Warning [0132.83] Compile of TestSedan successful, but with 9 Warning(s) [in 0 ms]
[2015.04.17-23.30.25:503][616]LogBlueprint:Warning: [compiler] Warning [0132.83] Compile of TestSedan successful, but with 10 Warning(s) [in 0 ms]
[2015.04.17-23.30.25:677][616]LogBlueprint:Warning: [compiler] Warning InputAction Event references unknown Action 'ResetVR' for  InputAction ResetVR 
[2015.04.17-23.30.25:677][616]LogBlueprint:Warning: [compiler] Warning Get Input Axis references unknown Axis 'LookUp' for  Get LookUp 
[2015.04.17-23.30.25:677][616]LogBlueprint:Warning: [compiler] Warning Get Input Axis references unknown Axis 'LookRight' for  Get LookRight 
[2015.04.17-23.30.25:678][616]LogBlueprint:Warning: [compiler] Warning InputAction Event references unknown Action 'SwitchCamera' for  InputAction SwitchCamera 
[2015.04.17-23.30.25:679][616]LogBlueprint:Warning: [compiler] Warning Input Axis Event references unknown Axis 'MoveRight' for  InputAxis MoveRight 
[2015.04.17-23.30.25:680][616]LogBlueprint:Warning: [compiler] Warning Input Axis Event references unknown Axis 'MoveForward' for  InputAxis MoveForward 
[2015.04.17-23.30.25:682][616]LogBlueprint:Warning: [compiler] Warning InputAction Event references unknown Action 'Handbrake' for  InputAction Handbrake 
[2015.04.17-23.30.25:709][616]LogBlueprint:Warning: [compiler] Warning [0133.04] Compile of TestVehicle successful, but with 7 Warning(s) [in 92 ms]
[2015.04.17-23.30.25:709][616]LogBlueprint:Warning: [compiler] Warning [0133.04] Compile of TestVehicle successful, but with 8 Warning(s) [in 0 ms]
[2015.04.17-23.30.25:760][616]LogBlueprint:Warning: [compiler] Warning InputAction Event references unknown Action 'ResetVR' for  InputAction ResetVR 
[2015.04.17-23.30.25:760][616]LogBlueprint:Warning: [compiler] Warning Get Input Axis references unknown Axis 'LookUp' for  Get LookUp 
[2015.04.17-23.30.25:760][616]LogBlueprint:Warning: [compiler] Warning Get Input Axis references unknown Axis 'LookRight' for  Get LookRight 
[2015.04.17-23.30.25:761][616]LogBlueprint:Warning: [compiler] Warning InputAction Event references unknown Action 'SwitchCamera' for  InputAction SwitchCamera 
[2015.04.17-23.30.25:761][616]LogBlueprint:Warning: [compiler] Warning Input Axis Event references unknown Axis 'MoveRight' for  InputAxis MoveRight 
[2015.04.17-23.30.25:763][616]LogBlueprint:Warning: [compiler] Warning Input Axis Event references unknown Axis 'MoveForward' for  InputAxis MoveForward 
[2015.04.17-23.30.25:764][616]LogBlueprint:Warning: [compiler] Warning InputAction Event references unknown Action 'Handbrake' for  InputAction Handbrake 
[2015.04.17-23.30.25:775][616]LogBlueprint:Warning: [compiler] Warning [0133.11] Compile of VehicleBlueprint successful, but with 7 Warning(s) [in 46 ms]
[2015.04.17-23.30.25:775][616]LogBlueprint:Warning: [compiler] Warning [0133.11] Compile of VehicleBlueprint successful, but with 8 Warning(s) [in 0 ms]
[2015.04.17-23.30.25:864][616]LogBlueprint:Warning: [compiler] Warning InputAction Event references unknown Action 'ResetVR' for  InputAction ResetVR 
[2015.04.17-23.30.25:864][616]LogBlueprint:Warning: [compiler] Warning Get Input Axis references unknown Axis 'LookUp' for  Get LookUp 
[2015.04.17-23.30.25:864][616]LogBlueprint:Warning: [compiler] Warning Get Input Axis references unknown Axis 'LookRight' for  Get LookRight 
[2015.04.17-23.30.25:865][616]LogBlueprint:Warning: [compiler] Warning InputAction Event references unknown Action 'SwitchCamera' for  InputAction SwitchCamera 
[2015.04.17-23.30.25:865][616]LogBlueprint:Warning: [compiler] Warning InputAction Event references unknown Action 'Handbrake' for  InputAction Handbrake 
[2015.04.17-23.30.25:865][616]LogBlueprint:Warning: [compiler] Warning Input Axis Event references unknown Axis 'MoveRight' for  InputAxis MoveRight 
[2015.04.17-23.30.25:866][616]LogBlueprint:Warning: [compiler] Warning Input Axis Event references unknown Axis 'MoveForward' for  InputAxis MoveForward 
[2015.04.17-23.30.25:896][616]LogBlueprint:Warning: [compiler] Warning [0133.23] Compile of TestSedan successful, but with 7 Warning(s) [in 93 ms]
[2015.04.17-23.30.25:896][616]LogBlueprint:Warning: [compiler] Warning [0133.23] Compile of TestSedan successful, but with 8 Warning(s) [in 0 ms]
[2015.04.17-23.30.26:159][616]LogBlueprintUserMessages: 21
[2015.04.17-23.30.26:160][616]LogBlueprintUserMessages: 21
[2015.04.17-23.30.26:168][616]LogActorComponent: UnregisterComponent: (/Engine/Transient.MovementComp) Not registered. Aborting.
[2015.04.17-23.30.26:215][616]Cmd: MAP LOAD FILE="../../../../../../Users/Rexy/Documents/Unreal ProjectsPath/SplinePathMap/Content/SedanBlueprint/VehicleExampleMap.umap" TEMPLATE=0 SHOWPROGRESS=1 FEATURELEVEL=3
[2015.04.17-23.30.26:215][616]LightingResults: New page: Lighting Build
[2015.04.17-23.30.26:234][616]LoadErrors: New page: Loading map: VehicleExampleMap.umap
[2015.04.17-23.30.26:237][616]MapCheck: New page: Map Check
[2015.04.17-23.30.26:237][616]LightingResults: New page: Lighting Build
[2015.04.17-23.30.26:252][616]LogParticles: Destroying 0 GPU particle simulations for FXSystem 0x000000E9F6F7E5C0
[2015.04.17-23.30.26:274][616]LogBlueprintUserMessages: 21
[2015.04.17-23.30.26:275][616]LogBlueprintUserMessages: 21
[2015.04.17-23.30.26:280][616]LogEditorServer: Finished looking for orphan Actors (0.000 secs)
[2015.04.17-23.30.26:374][616]LogAIModule: Creating AISystem for world VehicleExampleMap
[2015.04.17-23.30.26:393][616]Cmd: MAP CHECKDEP
[2015.04.17-23.30.26:393][616]MapCheck: New page: VehicleExampleMap - Apr 17, 2015, 3:30:26 PM
[2015.04.17-23.30.26:472][616]MapCheck: Info Map check complete: 0 Error(s), 0 Warning(s), took 78.886ms to complete.
[2015.04.17-23.30.26:472][616]LogFileHelp